This is pdfTeX, Version 3.141592653-2.6-1.40.25 (TeX Live 2023/nixos.org) (preloaded format=pdflatex 1980.1.1)  18 JAN 2025 16:19
entering extended mode
 restricted \write18 enabled.
 file:line:error style messages enabled.
 %&-line parsing enabled.
**main.tex
(./main.tex
LaTeX2e <2023-11-01> patch level 1
L3 programming layer <2024-02-20>
(/nix/store/w8fdfdyc5l71qr9m42h2fpifzxp9p5mn-texlive-2023-env-texmfdist/tex/latex/base/article.cls
Document Class: article 2023/05/17 v1.4n Standard LaTeX document class
(/nix/store/w8fdfdyc5l71qr9m42h2fpifzxp9p5mn-texlive-2023-env-texmfdist/tex/latex/base/size12.clo
File: size12.clo 2023/05/17 v1.4n Standard LaTeX file (size option)
)
\c@part=\count188
\c@section=\count189
\c@subsection=\count190
\c@subsubsection=\count191
\c@paragraph=\count192
\c@subparagraph=\count193
\c@figure=\count194
\c@table=\count195
\abovecaptionskip=\skip48
\belowcaptionskip=\skip49
\bibindent=\dimen140
) (../../xlatex/imports/preamble.tex (/nix/store/w8fdfdyc5l71qr9m42h2fpifzxp9p5mn-texlive-2023-env-texmfdist/tex/latex/pgf/frontendlayer/tikz.sty (/nix/store/w8fdfdyc5l71qr9m42h2fpifzxp9p5mn-texlive-2023-env-texmfdist/tex/latex/pgf/basiclayer/pgf.sty (/nix/store/w8fdfdyc5l71qr9m42h2fpifzxp9p5mn-texlive-2023-env-texmfdist/tex/latex/pgf/utilities/pgfrcs.sty (/nix/store/w8fdfdyc5l71qr9m42h2fpifzxp9p5mn-texlive-2023-env-texmfdist/tex/generic/pgf/utilities/pgfutil-common.tex
\pgfutil@everybye=\toks17
\pgfutil@tempdima=\dimen141
\pgfutil@tempdimb=\dimen142
) (/nix/store/w8fdfdyc5l71qr9m42h2fpifzxp9p5mn-texlive-2023-env-texmfdist/tex/generic/pgf/utilities/pgfutil-latex.def
\pgfutil@abb=\box51
) (/nix/store/w8fdfdyc5l71qr9m42h2fpifzxp9p5mn-texlive-2023-env-texmfdist/tex/generic/pgf/utilities/pgfrcs.code.tex (/nix/store/w8fdfdyc5l71qr9m42h2fpifzxp9p5mn-texlive-2023-env-texmfdist/tex/generic/pgf/pgf.revision.tex)
Package: pgfrcs 2023-01-15 v3.1.10 (3.1.10)
))
Package: pgf 2023-01-15 v3.1.10 (3.1.10)
 (/nix/store/w8fdfdyc5l71qr9m42h2fpifzxp9p5mn-texlive-2023-env-texmfdist/tex/latex/pgf/basiclayer/pgfcore.sty (/nix/store/w8fdfdyc5l71qr9m42h2fpifzxp9p5mn-texlive-2023-env-texmfdist/tex/latex/graphics/graphicx.sty
Package: graphicx 2021/09/16 v1.2d Enhanced LaTeX Graphics (DPC,SPQR)
 (/nix/store/w8fdfdyc5l71qr9m42h2fpifzxp9p5mn-texlive-2023-env-texmfdist/tex/latex/graphics/keyval.sty
Package: keyval 2022/05/29 v1.15 key=value parser (DPC)
\KV@toks@=\toks18
) (/nix/store/w8fdfdyc5l71qr9m42h2fpifzxp9p5mn-texlive-2023-env-texmfdist/tex/latex/graphics/graphics.sty
Package: graphics 2022/03/10 v1.4e Standard LaTeX Graphics (DPC,SPQR)
 (/nix/store/w8fdfdyc5l71qr9m42h2fpifzxp9p5mn-texlive-2023-env-texmfdist/tex/latex/graphics/trig.sty
Package: trig 2021/08/11 v1.11 sin cos tan (DPC)
) (/nix/store/w8fdfdyc5l71qr9m42h2fpifzxp9p5mn-texlive-2023-env-texmfdist/tex/latex/graphics-cfg/graphics.cfg
File: graphics.cfg 2016/06/04 v1.11 sample graphics configuration
)
Package graphics Info: Driver file: pdftex.def on input line 107.
 (/nix/store/w8fdfdyc5l71qr9m42h2fpifzxp9p5mn-texlive-2023-env-texmfdist/tex/latex/graphics-def/pdftex.def
File: pdftex.def 2022/09/22 v1.2b Graphics/color driver for pdftex
))
\Gin@req@height=\dimen143
\Gin@req@width=\dimen144
) (/nix/store/w8fdfdyc5l71qr9m42h2fpifzxp9p5mn-texlive-2023-env-texmfdist/tex/latex/pgf/systemlayer/pgfsys.sty (/nix/store/w8fdfdyc5l71qr9m42h2fpifzxp9p5mn-texlive-2023-env-texmfdist/tex/generic/pgf/systemlayer/pgfsys.code.tex
Package: pgfsys 2023-01-15 v3.1.10 (3.1.10)
 (/nix/store/w8fdfdyc5l71qr9m42h2fpifzxp9p5mn-texlive-2023-env-texmfdist/tex/generic/pgf/utilities/pgfkeys.code.tex
\pgfkeys@pathtoks=\toks19
\pgfkeys@temptoks=\toks20

(/nix/store/w8fdfdyc5l71qr9m42h2fpifzxp9p5mn-texlive-2023-env-texmfdist/tex/generic/pgf/utilities/pgfkeyslibraryfiltered.code.tex
\pgfkeys@tmptoks=\toks21
))
\pgf@x=\dimen145
\pgf@y=\dimen146
\pgf@xa=\dimen147
\pgf@ya=\dimen148
\pgf@xb=\dimen149
\pgf@yb=\dimen150
\pgf@xc=\dimen151
\pgf@yc=\dimen152
\pgf@xd=\dimen153
\pgf@yd=\dimen154
\w@pgf@writea=\write3
\r@pgf@reada=\read2
\c@pgf@counta=\count196
\c@pgf@countb=\count197
\c@pgf@countc=\count198
\c@pgf@countd=\count199
\t@pgf@toka=\toks22
\t@pgf@tokb=\toks23
\t@pgf@tokc=\toks24
\pgf@sys@id@count=\count266
 (/nix/store/w8fdfdyc5l71qr9m42h2fpifzxp9p5mn-texlive-2023-env-texmfdist/tex/generic/pgf/systemlayer/pgf.cfg
File: pgf.cfg 2023-01-15 v3.1.10 (3.1.10)
)
Driver file for pgf: pgfsys-pdftex.def
 (/nix/store/w8fdfdyc5l71qr9m42h2fpifzxp9p5mn-texlive-2023-env-texmfdist/tex/generic/pgf/systemlayer/pgfsys-pdftex.def
File: pgfsys-pdftex.def 2023-01-15 v3.1.10 (3.1.10)
 (/nix/store/w8fdfdyc5l71qr9m42h2fpifzxp9p5mn-texlive-2023-env-texmfdist/tex/generic/pgf/systemlayer/pgfsys-common-pdf.def
File: pgfsys-common-pdf.def 2023-01-15 v3.1.10 (3.1.10)
))) (/nix/store/w8fdfdyc5l71qr9m42h2fpifzxp9p5mn-texlive-2023-env-texmfdist/tex/generic/pgf/systemlayer/pgfsyssoftpath.code.tex
File: pgfsyssoftpath.code.tex 2023-01-15 v3.1.10 (3.1.10)
\pgfsyssoftpath@smallbuffer@items=\count267
\pgfsyssoftpath@bigbuffer@items=\count268
) (/nix/store/w8fdfdyc5l71qr9m42h2fpifzxp9p5mn-texlive-2023-env-texmfdist/tex/generic/pgf/systemlayer/pgfsysprotocol.code.tex
File: pgfsysprotocol.code.tex 2023-01-15 v3.1.10 (3.1.10)
)) (/nix/store/w8fdfdyc5l71qr9m42h2fpifzxp9p5mn-texlive-2023-env-texmfdist/tex/latex/xcolor/xcolor.sty
Package: xcolor 2023/11/15 v3.01 LaTeX color extensions (UK)
 (/nix/store/w8fdfdyc5l71qr9m42h2fpifzxp9p5mn-texlive-2023-env-texmfdist/tex/latex/graphics-cfg/color.cfg
File: color.cfg 2016/01/02 v1.6 sample color configuration
)
Package xcolor Info: Driver file: pdftex.def on input line 274.
 (/nix/store/w8fdfdyc5l71qr9m42h2fpifzxp9p5mn-texlive-2023-env-texmfdist/tex/latex/graphics/mathcolor.ltx)
Package xcolor Info: Model `cmy' substituted by `cmy0' on input line 1350.
Package xcolor Info: Model `hsb' substituted by `rgb' on input line 1354.
Package xcolor Info: Model `RGB' extended on input line 1366.
Package xcolor Info: Model `HTML' substituted by `rgb' on input line 1368.
Package xcolor Info: Model `Hsb' substituted by `hsb' on input line 1369.
Package xcolor Info: Model `tHsb' substituted by `hsb' on input line 1370.
Package xcolor Info: Model `HSB' substituted by `hsb' on input line 1371.
Package xcolor Info: Model `Gray' substituted by `gray' on input line 1372.
Package xcolor Info: Model `wave' substituted by `hsb' on input line 1373.
) (/nix/store/w8fdfdyc5l71qr9m42h2fpifzxp9p5mn-texlive-2023-env-texmfdist/tex/generic/pgf/basiclayer/pgfcore.code.tex
Package: pgfcore 2023-01-15 v3.1.10 (3.1.10)
 (/nix/store/w8fdfdyc5l71qr9m42h2fpifzxp9p5mn-texlive-2023-env-texmfdist/tex/generic/pgf/math/pgfmath.code.tex (/nix/store/w8fdfdyc5l71qr9m42h2fpifzxp9p5mn-texlive-2023-env-texmfdist/tex/generic/pgf/math/pgfmathutil.code.tex) (/nix/store/w8fdfdyc5l71qr9m42h2fpifzxp9p5mn-texlive-2023-env-texmfdist/tex/generic/pgf/math/pgfmathparser.code.tex
\pgfmath@dimen=\dimen155
\pgfmath@count=\count269
\pgfmath@box=\box52
\pgfmath@toks=\toks25
\pgfmath@stack@operand=\toks26
\pgfmath@stack@operation=\toks27
) (/nix/store/w8fdfdyc5l71qr9m42h2fpifzxp9p5mn-texlive-2023-env-texmfdist/tex/generic/pgf/math/pgfmathfunctions.code.tex) (/nix/store/w8fdfdyc5l71qr9m42h2fpifzxp9p5mn-texlive-2023-env-texmfdist/tex/generic/pgf/math/pgfmathfunctions.basic.code.tex) (/nix/store/w8fdfdyc5l71qr9m42h2fpifzxp9p5mn-texlive-2023-env-texmfdist/tex/generic/pgf/math/pgfmathfunctions.trigonometric.code.tex)
(/nix/store/w8fdfdyc5l71qr9m42h2fpifzxp9p5mn-texlive-2023-env-texmfdist/tex/generic/pgf/math/pgfmathfunctions.random.code.tex) (/nix/store/w8fdfdyc5l71qr9m42h2fpifzxp9p5mn-texlive-2023-env-texmfdist/tex/generic/pgf/math/pgfmathfunctions.comparison.code.tex) (/nix/store/w8fdfdyc5l71qr9m42h2fpifzxp9p5mn-texlive-2023-env-texmfdist/tex/generic/pgf/math/pgfmathfunctions.base.code.tex) (/nix/store/w8fdfdyc5l71qr9m42h2fpifzxp9p5mn-texlive-2023-env-texmfdist/tex/generic/pgf/math/pgfmathfunctions.round.code.tex) (/nix/store/w8fdfdyc5l71qr9m42h2fpifzxp9p5mn-texlive-2023-env-texmfdist/tex/generic/pgf/math/pgfmathfunctions.misc.code.tex) (/nix/store/w8fdfdyc5l71qr9m42h2fpifzxp9p5mn-texlive-2023-env-texmfdist/tex/generic/pgf/math/pgfmathfunctions.integerarithmetics.code.tex) (/nix/store/w8fdfdyc5l71qr9m42h2fpifzxp9p5mn-texlive-2023-env-texmfdist/tex/generic/pgf/math/pgfmathcalc.code.tex) (/nix/store/w8fdfdyc5l71qr9m42h2fpifzxp9p5mn-texlive-2023-env-texmfdist/tex/generic/pgf/math/pgfmathfloat.code.tex
\c@pgfmathroundto@lastzeros=\count270
)) (/nix/store/w8fdfdyc5l71qr9m42h2fpifzxp9p5mn-texlive-2023-env-texmfdist/tex/generic/pgf/math/pgfint.code.tex) (/nix/store/w8fdfdyc5l71qr9m42h2fpifzxp9p5mn-texlive-2023-env-texmfdist/tex/generic/pgf/basiclayer/pgfcorepoints.code.tex
File: pgfcorepoints.code.tex 2023-01-15 v3.1.10 (3.1.10)
\pgf@picminx=\dimen156
\pgf@picmaxx=\dimen157
\pgf@picminy=\dimen158
\pgf@picmaxy=\dimen159
\pgf@pathminx=\dimen160
\pgf@pathmaxx=\dimen161
\pgf@pathminy=\dimen162
\pgf@pathmaxy=\dimen163
\pgf@xx=\dimen164
\pgf@xy=\dimen165
\pgf@yx=\dimen166
\pgf@yy=\dimen167
\pgf@zx=\dimen168
\pgf@zy=\dimen169
) (/nix/store/w8fdfdyc5l71qr9m42h2fpifzxp9p5mn-texlive-2023-env-texmfdist/tex/generic/pgf/basiclayer/pgfcorepathconstruct.code.tex
File: pgfcorepathconstruct.code.tex 2023-01-15 v3.1.10 (3.1.10)
\pgf@path@lastx=\dimen170
\pgf@path@lasty=\dimen171
) (/nix/store/w8fdfdyc5l71qr9m42h2fpifzxp9p5mn-texlive-2023-env-texmfdist/tex/generic/pgf/basiclayer/pgfcorepathusage.code.tex
File: pgfcorepathusage.code.tex 2023-01-15 v3.1.10 (3.1.10)
\pgf@shorten@end@additional=\dimen172
\pgf@shorten@start@additional=\dimen173
) (/nix/store/w8fdfdyc5l71qr9m42h2fpifzxp9p5mn-texlive-2023-env-texmfdist/tex/generic/pgf/basiclayer/pgfcorescopes.code.tex
File: pgfcorescopes.code.tex 2023-01-15 v3.1.10 (3.1.10)
\pgfpic=\box53
\pgf@hbox=\box54
\pgf@layerbox@main=\box55
\pgf@picture@serial@count=\count271
) (/nix/store/w8fdfdyc5l71qr9m42h2fpifzxp9p5mn-texlive-2023-env-texmfdist/tex/generic/pgf/basiclayer/pgfcoregraphicstate.code.tex
File: pgfcoregraphicstate.code.tex 2023-01-15 v3.1.10 (3.1.10)
\pgflinewidth=\dimen174
) (/nix/store/w8fdfdyc5l71qr9m42h2fpifzxp9p5mn-texlive-2023-env-texmfdist/tex/generic/pgf/basiclayer/pgfcoretransformations.code.tex
File: pgfcoretransformations.code.tex 2023-01-15 v3.1.10 (3.1.10)
\pgf@pt@x=\dimen175
\pgf@pt@y=\dimen176
\pgf@pt@temp=\dimen177
) (/nix/store/w8fdfdyc5l71qr9m42h2fpifzxp9p5mn-texlive-2023-env-texmfdist/tex/generic/pgf/basiclayer/pgfcorequick.code.tex
File: pgfcorequick.code.tex 2023-01-15 v3.1.10 (3.1.10)
)
(/nix/store/w8fdfdyc5l71qr9m42h2fpifzxp9p5mn-texlive-2023-env-texmfdist/tex/generic/pgf/basiclayer/pgfcoreobjects.code.tex
File: pgfcoreobjects.code.tex 2023-01-15 v3.1.10 (3.1.10)
) (/nix/store/w8fdfdyc5l71qr9m42h2fpifzxp9p5mn-texlive-2023-env-texmfdist/tex/generic/pgf/basiclayer/pgfcorepathprocessing.code.tex
File: pgfcorepathprocessing.code.tex 2023-01-15 v3.1.10 (3.1.10)
) (/nix/store/w8fdfdyc5l71qr9m42h2fpifzxp9p5mn-texlive-2023-env-texmfdist/tex/generic/pgf/basiclayer/pgfcorearrows.code.tex
File: pgfcorearrows.code.tex 2023-01-15 v3.1.10 (3.1.10)
\pgfarrowsep=\dimen178
) (/nix/store/w8fdfdyc5l71qr9m42h2fpifzxp9p5mn-texlive-2023-env-texmfdist/tex/generic/pgf/basiclayer/pgfcoreshade.code.tex
File: pgfcoreshade.code.tex 2023-01-15 v3.1.10 (3.1.10)
\pgf@max=\dimen179
\pgf@sys@shading@range@num=\count272
\pgf@shadingcount=\count273
) (/nix/store/w8fdfdyc5l71qr9m42h2fpifzxp9p5mn-texlive-2023-env-texmfdist/tex/generic/pgf/basiclayer/pgfcoreimage.code.tex
File: pgfcoreimage.code.tex 2023-01-15 v3.1.10 (3.1.10)
) (/nix/store/w8fdfdyc5l71qr9m42h2fpifzxp9p5mn-texlive-2023-env-texmfdist/tex/generic/pgf/basiclayer/pgfcoreexternal.code.tex
File: pgfcoreexternal.code.tex 2023-01-15 v3.1.10 (3.1.10)
\pgfexternal@startupbox=\box56
) (/nix/store/w8fdfdyc5l71qr9m42h2fpifzxp9p5mn-texlive-2023-env-texmfdist/tex/generic/pgf/basiclayer/pgfcorelayers.code.tex
File: pgfcorelayers.code.tex 2023-01-15 v3.1.10 (3.1.10)
) (/nix/store/w8fdfdyc5l71qr9m42h2fpifzxp9p5mn-texlive-2023-env-texmfdist/tex/generic/pgf/basiclayer/pgfcoretransparency.code.tex
File: pgfcoretransparency.code.tex 2023-01-15 v3.1.10 (3.1.10)
) (/nix/store/w8fdfdyc5l71qr9m42h2fpifzxp9p5mn-texlive-2023-env-texmfdist/tex/generic/pgf/basiclayer/pgfcorepatterns.code.tex
File: pgfcorepatterns.code.tex 2023-01-15 v3.1.10 (3.1.10)
) (/nix/store/w8fdfdyc5l71qr9m42h2fpifzxp9p5mn-texlive-2023-env-texmfdist/tex/generic/pgf/basiclayer/pgfcorerdf.code.tex
File: pgfcorerdf.code.tex 2023-01-15 v3.1.10 (3.1.10)
))) (/nix/store/w8fdfdyc5l71qr9m42h2fpifzxp9p5mn-texlive-2023-env-texmfdist/tex/generic/pgf/modules/pgfmoduleshapes.code.tex
File: pgfmoduleshapes.code.tex 2023-01-15 v3.1.10 (3.1.10)
\pgfnodeparttextbox=\box57
) (/nix/store/w8fdfdyc5l71qr9m42h2fpifzxp9p5mn-texlive-2023-env-texmfdist/tex/generic/pgf/modules/pgfmoduleplot.code.tex
File: pgfmoduleplot.code.tex 2023-01-15 v3.1.10 (3.1.10)
) (/nix/store/w8fdfdyc5l71qr9m42h2fpifzxp9p5mn-texlive-2023-env-texmfdist/tex/latex/pgf/compatibility/pgfcomp-version-0-65.sty
Package: pgfcomp-version-0-65 2023-01-15 v3.1.10 (3.1.10)
\pgf@nodesepstart=\dimen180
\pgf@nodesepend=\dimen181
) (/nix/store/w8fdfdyc5l71qr9m42h2fpifzxp9p5mn-texlive-2023-env-texmfdist/tex/latex/pgf/compatibility/pgfcomp-version-1-18.sty
Package: pgfcomp-version-1-18 2023-01-15 v3.1.10 (3.1.10)
)) (/nix/store/w8fdfdyc5l71qr9m42h2fpifzxp9p5mn-texlive-2023-env-texmfdist/tex/latex/pgf/utilities/pgffor.sty (/nix/store/w8fdfdyc5l71qr9m42h2fpifzxp9p5mn-texlive-2023-env-texmfdist/tex/latex/pgf/utilities/pgfkeys.sty
(/nix/store/w8fdfdyc5l71qr9m42h2fpifzxp9p5mn-texlive-2023-env-texmfdist/tex/generic/pgf/utilities/pgfkeys.code.tex)) (/nix/store/w8fdfdyc5l71qr9m42h2fpifzxp9p5mn-texlive-2023-env-texmfdist/tex/latex/pgf/math/pgfmath.sty (/nix/store/w8fdfdyc5l71qr9m42h2fpifzxp9p5mn-texlive-2023-env-texmfdist/tex/generic/pgf/math/pgfmath.code.tex)) (/nix/store/w8fdfdyc5l71qr9m42h2fpifzxp9p5mn-texlive-2023-env-texmfdist/tex/generic/pgf/utilities/pgffor.code.tex
Package: pgffor 2023-01-15 v3.1.10 (3.1.10)
\pgffor@iter=\dimen182
\pgffor@skip=\dimen183
\pgffor@stack=\toks28
\pgffor@toks=\toks29
)) (/nix/store/w8fdfdyc5l71qr9m42h2fpifzxp9p5mn-texlive-2023-env-texmfdist/tex/generic/pgf/frontendlayer/tikz/tikz.code.tex
Package: tikz 2023-01-15 v3.1.10 (3.1.10)
 (/nix/store/w8fdfdyc5l71qr9m42h2fpifzxp9p5mn-texlive-2023-env-texmfdist/tex/generic/pgf/libraries/pgflibraryplothandlers.code.tex
File: pgflibraryplothandlers.code.tex 2023-01-15 v3.1.10 (3.1.10)
\pgf@plot@mark@count=\count274
\pgfplotmarksize=\dimen184
)
\tikz@lastx=\dimen185
\tikz@lasty=\dimen186
\tikz@lastxsaved=\dimen187
\tikz@lastysaved=\dimen188
\tikz@lastmovetox=\dimen189
\tikz@lastmovetoy=\dimen190
\tikzleveldistance=\dimen191
\tikzsiblingdistance=\dimen192
\tikz@figbox=\box58
\tikz@figbox@bg=\box59
\tikz@tempbox=\box60
\tikz@tempbox@bg=\box61
\tikztreelevel=\count275
\tikznumberofchildren=\count276
\tikznumberofcurrentchild=\count277
\tikz@fig@count=\count278
 (/nix/store/w8fdfdyc5l71qr9m42h2fpifzxp9p5mn-texlive-2023-env-texmfdist/tex/generic/pgf/modules/pgfmodulematrix.code.tex
File: pgfmodulematrix.code.tex 2023-01-15 v3.1.10 (3.1.10)
\pgfmatrixcurrentrow=\count279
\pgfmatrixcurrentcolumn=\count280
\pgf@matrix@numberofcolumns=\count281
)
\tikz@expandcount=\count282
 (/nix/store/w8fdfdyc5l71qr9m42h2fpifzxp9p5mn-texlive-2023-env-texmfdist/tex/generic/pgf/frontendlayer/tikz/libraries/tikzlibrarytopaths.code.tex
File: tikzlibrarytopaths.code.tex 2023-01-15 v3.1.10 (3.1.10)
))) (/nix/store/w8fdfdyc5l71qr9m42h2fpifzxp9p5mn-texlive-2023-env-texmfdist/tex/latex/circuitikz/circuitikz.sty
Package: circuitikz 2024/02/09{} The CircuiTikz circuit drawing package version 1.6.7
 (/nix/store/w8fdfdyc5l71qr9m42h2fpifzxp9p5mn-texlive-2023-env-texmfdist/tex/generic/pgf/frontendlayer/tikz/libraries/tikzlibrarycalc.code.tex
File: tikzlibrarycalc.code.tex 2023-01-15 v3.1.10 (3.1.10)
) (/nix/store/w8fdfdyc5l71qr9m42h2fpifzxp9p5mn-texlive-2023-env-texmfdist/tex/generic/pgf/libraries/pgflibraryarrows.meta.code.tex
File: pgflibraryarrows.meta.code.tex 2023-01-15 v3.1.10 (3.1.10)
\pgfarrowinset=\dimen193
\pgfarrowlength=\dimen194
\pgfarrowwidth=\dimen195
\pgfarrowlinewidth=\dimen196
) (/nix/store/w8fdfdyc5l71qr9m42h2fpifzxp9p5mn-texlive-2023-env-texmfdist/tex/generic/pgf/frontendlayer/tikz/libraries/tikzlibrarybending.code.tex
File: tikzlibrarybending.code.tex 2023-01-15 v3.1.10 (3.1.10)
 (/nix/store/w8fdfdyc5l71qr9m42h2fpifzxp9p5mn-texlive-2023-env-texmfdist/tex/generic/pgf/modules/pgfmodulebending.code.tex
File: pgfmodulebending.code.tex 2023-01-15 v3.1.10 (3.1.10)
 (/nix/store/w8fdfdyc5l71qr9m42h2fpifzxp9p5mn-texlive-2023-env-texmfdist/tex/generic/pgf/modules/pgfmodulenonlineartransformations.code.tex
File: pgfmodulenonlineartransformations.code.tex 2023-01-15 v3.1.10 (3.1.10)
\pgftransformnonlinearflatness=\dimen197
) (/nix/store/w8fdfdyc5l71qr9m42h2fpifzxp9p5mn-texlive-2023-env-texmfdist/tex/generic/pgf/libraries/pgflibrarycurvilinear.code.tex
File: pgflibrarycurvilinear.code.tex 2023-01-15 v3.1.10 (3.1.10)
\pgf@curvilinear@time@a=\dimen198
\pgf@curvilinear@length@a=\dimen199
\pgf@curvilinear@length@b=\dimen256
\pgf@curvilinear@length@c=\dimen257
\pgf@curvilinear@length@d=\dimen258
)
\pgf@arrows@the@rigidity=\dimen259
))
(/nix/store/w8fdfdyc5l71qr9m42h2fpifzxp9p5mn-texlive-2023-env-texmfdist/tex/generic/pgf/frontendlayer/tikz/libraries/tikzlibraryfpu.code.tex (/nix/store/w8fdfdyc5l71qr9m42h2fpifzxp9p5mn-texlive-2023-env-texmfdist/tex/generic/pgf/libraries/pgflibraryfpu.code.tex)) (/nix/store/w8fdfdyc5l71qr9m42h2fpifzxp9p5mn-texlive-2023-env-texmfdist/tex/generic/circuitikz/pgfcirc.defines.tex
\pgf@circ@count@a=\count283
\pgf@circ@count@b=\count284
\pgf@circ@count@c=\count285
\pgf@circ@res@up=\dimen260
\pgf@circ@res@down=\dimen261
\pgf@circ@res@zero=\dimen262
\pgf@circ@res@left=\dimen263
\pgf@circ@res@right=\dimen264
\pgf@circ@res@other=\dimen265
\pgf@circ@res@step=\dimen266
\pgf@circ@res@temp=\dimen267
\pgf@circ@Rlen=\dimen268
\pgf@circ@scaled@Rlen=\dimen269
\pgfstartlinewidth=\dimen270
) (/nix/store/w8fdfdyc5l71qr9m42h2fpifzxp9p5mn-texlive-2023-env-texmfdist/tex/generic/circuitikz/pgfcircutils.tex
\ctikz@scratchbox=\box62
) (/nix/store/w8fdfdyc5l71qr9m42h2fpifzxp9p5mn-texlive-2023-env-texmfdist/tex/generic/circuitikz/pgfcircpath.tex) (/nix/store/w8fdfdyc5l71qr9m42h2fpifzxp9p5mn-texlive-2023-env-texmfdist/tex/generic/circuitikz/pgfcircshapes.tex) (/nix/store/w8fdfdyc5l71qr9m42h2fpifzxp9p5mn-texlive-2023-env-texmfdist/tex/generic/circuitikz/pgfcircmonopoles.tex) (/nix/store/w8fdfdyc5l71qr9m42h2fpifzxp9p5mn-texlive-2023-env-texmfdist/tex/generic/circuitikz/pgfcircbipoles.tex) (/nix/store/w8fdfdyc5l71qr9m42h2fpifzxp9p5mn-texlive-2023-env-texmfdist/tex/generic/circuitikz/pgfcirctripoles.tex
\pgf@circ@res@count=\count286
) (/nix/store/w8fdfdyc5l71qr9m42h2fpifzxp9p5mn-texlive-2023-env-texmfdist/tex/generic/circuitikz/pgfcircquadpoles.tex) (/nix/store/w8fdfdyc5l71qr9m42h2fpifzxp9p5mn-texlive-2023-env-texmfdist/tex/generic/circuitikz/pgfcircmultipoles.tex) (/nix/store/w8fdfdyc5l71qr9m42h2fpifzxp9p5mn-texlive-2023-env-texmfdist/tex/generic/circuitikz/pgfcirclabel.tex) (/nix/store/w8fdfdyc5l71qr9m42h2fpifzxp9p5mn-texlive-2023-env-texmfdist/tex/generic/circuitikz/pgfcircvoltage.tex
\pgfcirc@labelshift=\dimen271
) (/nix/store/w8fdfdyc5l71qr9m42h2fpifzxp9p5mn-texlive-2023-env-texmfdist/tex/generic/circuitikz/pgfcirccurrent.tex) (/nix/store/w8fdfdyc5l71qr9m42h2fpifzxp9p5mn-texlive-2023-env-texmfdist/tex/generic/circuitikz/pgfcircflow.tex)) (/nix/store/w8fdfdyc5l71qr9m42h2fpifzxp9p5mn-texlive-2023-env-texmfdist/tex/latex/tikz-3dplot/tikz-3dplot.sty (/nix/store/w8fdfdyc5l71qr9m42h2fpifzxp9p5mn-texlive-2023-env-texmfdist/tex/latex/base/ifthen.sty
Package: ifthen 2022/04/13 v1.1d Standard LaTeX ifthen package (DPC)
)
(/nix/store/w8fdfdyc5l71qr9m42h2fpifzxp9p5mn-texlive-2023-env-texmfdist/tex/generic/pgf/frontendlayer/tikz/libraries/tikzlibrary3d.code.tex
File: tikzlibrary3d.code.tex 2023-01-15 v3.1.10 (3.1.10)
) (/nix/store/w8fdfdyc5l71qr9m42h2fpifzxp9p5mn-texlive-2023-env-texmfdist/tex/generic/pgf/frontendlayer/tikz/libraries/tikzlibraryarrows.code.tex
File: tikzlibraryarrows.code.tex 2023-01-15 v3.1.10 (3.1.10)
 (/nix/store/w8fdfdyc5l71qr9m42h2fpifzxp9p5mn-texlive-2023-env-texmfdist/tex/generic/pgf/libraries/pgflibraryarrows.code.tex
File: pgflibraryarrows.code.tex 2023-01-15 v3.1.10 (3.1.10)
\arrowsize=\dimen272
))) (/nix/store/w8fdfdyc5l71qr9m42h2fpifzxp9p5mn-texlive-2023-env-texmfdist/tex/latex/pgfplots/pgfplots.sty (/nix/store/w8fdfdyc5l71qr9m42h2fpifzxp9p5mn-texlive-2023-env-texmfdist/tex/generic/pgfplots/pgfplots.revision.tex)
Package: pgfplots 2021/05/15 v1.18.1 Data Visualization (1.18.1)
 (/nix/store/w8fdfdyc5l71qr9m42h2fpifzxp9p5mn-texlive-2023-env-texmfdist/tex/generic/pgfplots/pgfplots.code.tex (/nix/store/w8fdfdyc5l71qr9m42h2fpifzxp9p5mn-texlive-2023-env-texmfdist/tex/generic/pgfplots/pgfplotscore.code.tex
\t@pgfplots@toka=\toks30
\t@pgfplots@tokb=\toks31
\t@pgfplots@tokc=\toks32
\pgfplots@tmpa=\dimen273
\c@pgfplots@coordindex=\count287
\c@pgfplots@scanlineindex=\count288
 (/nix/store/w8fdfdyc5l71qr9m42h2fpifzxp9p5mn-texlive-2023-env-texmfdist/tex/generic/pgfplots/sys/pgfplotssysgeneric.code.tex)) (/nix/store/w8fdfdyc5l71qr9m42h2fpifzxp9p5mn-texlive-2023-env-texmfdist/tex/generic/pgfplots/libs/pgfplotslibrary.code.tex) (/nix/store/w8fdfdyc5l71qr9m42h2fpifzxp9p5mn-texlive-2023-env-texmfdist/tex/generic/pgfplots/oldpgfcompatib/pgfplotsoldpgfsupp_loader.code.tex
Package pgfplots: loading complementary utilities for your pgf version...
\t@pgf@toka=\toks33
\t@pgf@tokb=\toks34
\t@pgf@tokc=\toks35
(/nix/store/w8fdfdyc5l71qr9m42h2fpifzxp9p5mn-texlive-2023-env-texmfdist/tex/generic/pgfplots/oldpgfcompatib/pgfplotsoldpgfsupp_pgfutil-common-lists.tex)) (/nix/store/w8fdfdyc5l71qr9m42h2fpifzxp9p5mn-texlive-2023-env-texmfdist/tex/generic/pgfplots/util/pgfplotsutil.code.tex (/nix/store/w8fdfdyc5l71qr9m42h2fpifzxp9p5mn-texlive-2023-env-texmfdist/tex/generic/pgfplots/liststructure/pgfplotsliststructure.code.tex) (/nix/store/w8fdfdyc5l71qr9m42h2fpifzxp9p5mn-texlive-2023-env-texmfdist/tex/generic/pgfplots/liststructure/pgfplotsliststructureext.code.tex) (/nix/store/w8fdfdyc5l71qr9m42h2fpifzxp9p5mn-texlive-2023-env-texmfdist/tex/generic/pgfplots/liststructure/pgfplotsarray.code.tex
\c@pgfplotsarray@tmp=\count289
) (/nix/store/w8fdfdyc5l71qr9m42h2fpifzxp9p5mn-texlive-2023-env-texmfdist/tex/generic/pgfplots/liststructure/pgfplotsmatrix.code.tex) (/nix/store/w8fdfdyc5l71qr9m42h2fpifzxp9p5mn-texlive-2023-env-texmfdist/tex/generic/pgfplots/numtable/pgfplotstableshared.code.tex
\c@pgfplotstable@counta=\count290
\t@pgfplotstable@a=\toks36
) (/nix/store/w8fdfdyc5l71qr9m42h2fpifzxp9p5mn-texlive-2023-env-texmfdist/tex/generic/pgfplots/liststructure/pgfplotsdeque.code.tex) (/nix/store/w8fdfdyc5l71qr9m42h2fpifzxp9p5mn-texlive-2023-env-texmfdist/tex/generic/pgfplots/util/pgfplotsbinary.code.tex (/nix/store/w8fdfdyc5l71qr9m42h2fpifzxp9p5mn-texlive-2023-env-texmfdist/tex/generic/pgfplots/util/pgfplotsbinary.data.code.tex)) (/nix/store/w8fdfdyc5l71qr9m42h2fpifzxp9p5mn-texlive-2023-env-texmfdist/tex/generic/pgfplots/util/pgfplotsutil.verb.code.tex) (/nix/store/w8fdfdyc5l71qr9m42h2fpifzxp9p5mn-texlive-2023-env-texmfdist/tex/generic/pgfplots/libs/pgflibrarypgfplots.surfshading.code.tex
\c@pgfplotslibrarysurf@no=\count291
 (/nix/store/w8fdfdyc5l71qr9m42h2fpifzxp9p5mn-texlive-2023-env-texmfdist/tex/generic/pgfplots/sys/pgflibrarypgfplots.surfshading.pgfsys-pdftex.def))) (/nix/store/w8fdfdyc5l71qr9m42h2fpifzxp9p5mn-texlive-2023-env-texmfdist/tex/generic/pgfplots/util/pgfplotscolormap.code.tex (/nix/store/w8fdfdyc5l71qr9m42h2fpifzxp9p5mn-texlive-2023-env-texmfdist/tex/generic/pgfplots/util/pgfplotscolor.code.tex))
(/nix/store/w8fdfdyc5l71qr9m42h2fpifzxp9p5mn-texlive-2023-env-texmfdist/tex/generic/pgfplots/pgfplotsstackedplots.code.tex) (/nix/store/w8fdfdyc5l71qr9m42h2fpifzxp9p5mn-texlive-2023-env-texmfdist/tex/generic/pgfplots/pgfplotsplothandlers.code.tex (/nix/store/w8fdfdyc5l71qr9m42h2fpifzxp9p5mn-texlive-2023-env-texmfdist/tex/generic/pgfplots/pgfplotsmeshplothandler.code.tex (/nix/store/w8fdfdyc5l71qr9m42h2fpifzxp9p5mn-texlive-2023-env-texmfdist/tex/generic/pgfplots/pgfplotsmeshplotimage.code.tex))) (/nix/store/w8fdfdyc5l71qr9m42h2fpifzxp9p5mn-texlive-2023-env-texmfdist/tex/generic/pgfplots/pgfplots.scaling.code.tex) (/nix/store/w8fdfdyc5l71qr9m42h2fpifzxp9p5mn-texlive-2023-env-texmfdist/tex/generic/pgfplots/pgfplotscoordprocessing.code.tex) (/nix/store/w8fdfdyc5l71qr9m42h2fpifzxp9p5mn-texlive-2023-env-texmfdist/tex/generic/pgfplots/pgfplots.errorbars.code.tex) (/nix/store/w8fdfdyc5l71qr9m42h2fpifzxp9p5mn-texlive-2023-env-texmfdist/tex/generic/pgfplots/pgfplots.markers.code.tex) (/nix/store/w8fdfdyc5l71qr9m42h2fpifzxp9p5mn-texlive-2023-env-texmfdist/tex/generic/pgfplots/pgfplotsticks.code.tex) (/nix/store/w8fdfdyc5l71qr9m42h2fpifzxp9p5mn-texlive-2023-env-texmfdist/tex/generic/pgfplots/pgfplots.paths.code.tex) (/nix/store/w8fdfdyc5l71qr9m42h2fpifzxp9p5mn-texlive-2023-env-texmfdist/tex/generic/pgf/frontendlayer/tikz/libraries/tikzlibrarydecorations.code.tex (/nix/store/w8fdfdyc5l71qr9m42h2fpifzxp9p5mn-texlive-2023-env-texmfdist/tex/generic/pgf/modules/pgfmoduledecorations.code.tex
\pgfdecoratedcompleteddistance=\dimen274
\pgfdecoratedremainingdistance=\dimen275
\pgfdecoratedinputsegmentcompleteddistance=\dimen276
\pgfdecoratedinputsegmentremainingdistance=\dimen277
\pgf@decorate@distancetomove=\dimen278
\pgf@decorate@repeatstate=\count292
\pgfdecorationsegmentamplitude=\dimen279
\pgfdecorationsegmentlength=\dimen280
)
\tikz@lib@dec@box=\box63
) (/nix/store/w8fdfdyc5l71qr9m42h2fpifzxp9p5mn-texlive-2023-env-texmfdist/tex/generic/pgf/frontendlayer/tikz/libraries/tikzlibrarydecorations.pathmorphing.code.tex (/nix/store/w8fdfdyc5l71qr9m42h2fpifzxp9p5mn-texlive-2023-env-texmfdist/tex/generic/pgf/libraries/decorations/pgflibrarydecorations.pathmorphing.code.tex)) (/nix/store/w8fdfdyc5l71qr9m42h2fpifzxp9p5mn-texlive-2023-env-texmfdist/tex/generic/pgf/frontendlayer/tikz/libraries/tikzlibrarydecorations.pathreplacing.code.tex
(/nix/store/w8fdfdyc5l71qr9m42h2fpifzxp9p5mn-texlive-2023-env-texmfdist/tex/generic/pgf/libraries/decorations/pgflibrarydecorations.pathreplacing.code.tex)) (/nix/store/w8fdfdyc5l71qr9m42h2fpifzxp9p5mn-texlive-2023-env-texmfdist/tex/generic/pgfplots/libs/tikzlibrarypgfplots.contourlua.code.tex)
\pgfplots@numplots=\count293
\pgfplots@xmin@reg=\dimen281
\pgfplots@xmax@reg=\dimen282
\pgfplots@ymin@reg=\dimen283
\pgfplots@ymax@reg=\dimen284
\pgfplots@zmin@reg=\dimen285
\pgfplots@zmax@reg=\dimen286
) (/nix/store/w8fdfdyc5l71qr9m42h2fpifzxp9p5mn-texlive-2023-env-texmfdist/tex/generic/pgf/frontendlayer/tikz/libraries/tikzlibraryplotmarks.code.tex
File: tikzlibraryplotmarks.code.tex 2023-01-15 v3.1.10 (3.1.10)
 (/nix/store/w8fdfdyc5l71qr9m42h2fpifzxp9p5mn-texlive-2023-env-texmfdist/tex/generic/pgf/libraries/pgflibraryplotmarks.code.tex
File: pgflibraryplotmarks.code.tex 2023-01-15 v3.1.10 (3.1.10)
))) (/nix/store/w8fdfdyc5l71qr9m42h2fpifzxp9p5mn-texlive-2023-env-texmfdist/tex/latex/caption/subcaption.sty
Package: subcaption 2023/07/28 v1.6b Sub-captions (AR)
 (/nix/store/w8fdfdyc5l71qr9m42h2fpifzxp9p5mn-texlive-2023-env-texmfdist/tex/latex/caption/caption.sty
Package: caption 2023/08/05 v3.6o Customizing captions (AR)
 (/nix/store/w8fdfdyc5l71qr9m42h2fpifzxp9p5mn-texlive-2023-env-texmfdist/tex/latex/caption/caption3.sty
Package: caption3 2023/07/31 v2.4d caption3 kernel (AR)
\caption@tempdima=\dimen287
\captionmargin=\dimen288
\caption@leftmargin=\dimen289
\caption@rightmargin=\dimen290
\caption@width=\dimen291
\caption@indent=\dimen292
\caption@parindent=\dimen293
\caption@hangindent=\dimen294
Package caption Info: Standard document class detected.
)
\c@caption@flags=\count294
\c@continuedfloat=\count295
)
Package caption Info: New subtype `subfigure' on input line 238.
\c@subfigure=\count296
Package caption Info: New subtype `subtable' on input line 238.
\c@subtable=\count297
) (/nix/store/w8fdfdyc5l71qr9m42h2fpifzxp9p5mn-texlive-2023-env-texmfdist/tex/latex/wrapfig/wrapfig.sty
\wrapoverhang=\dimen295
\WF@size=\dimen296
\c@WF@wrappedlines=\count298
\WF@box=\box64
\WF@everypar=\toks37
Package: wrapfig 2003/01/31  v 3.6
) (/nix/store/w8fdfdyc5l71qr9m42h2fpifzxp9p5mn-texlive-2023-env-texmfdist/tex/latex/float/float.sty
Package: float 2001/11/08 v1.3d Float enhancements (AL)
\c@float@type=\count299
\float@exts=\toks38
\float@box=\box65
\@float@everytoks=\toks39
\@floatcapt=\box66
) (/nix/store/w8fdfdyc5l71qr9m42h2fpifzxp9p5mn-texlive-2023-env-texmfdist/tex/latex/parskip/parskip.sty
Package: parskip 2021-03-14 v2.0h non-zero parskip adjustments
 (/nix/store/w8fdfdyc5l71qr9m42h2fpifzxp9p5mn-texlive-2023-env-texmfdist/tex/latex/kvoptions/kvoptions.sty
Package: kvoptions 2022-06-15 v3.15 Key value format for package options (HO)
 (/nix/store/w8fdfdyc5l71qr9m42h2fpifzxp9p5mn-texlive-2023-env-texmfdist/tex/generic/ltxcmds/ltxcmds.sty
Package: ltxcmds 2023-12-04 v1.26 LaTeX kernel commands for general use (HO)
) (/nix/store/w8fdfdyc5l71qr9m42h2fpifzxp9p5mn-texlive-2023-env-texmfdist/tex/latex/kvsetkeys/kvsetkeys.sty
Package: kvsetkeys 2022-10-05 v1.19 Key value parser (HO)
)) (/nix/store/w8fdfdyc5l71qr9m42h2fpifzxp9p5mn-texlive-2023-env-texmfdist/tex/latex/etoolbox/etoolbox.sty
Package: etoolbox 2020/10/05 v2.5k e-TeX tools for LaTeX (JAW)
\etb@tempcnta=\count300
)) (/nix/store/w8fdfdyc5l71qr9m42h2fpifzxp9p5mn-texlive-2023-env-texmfdist/tex/latex/tcolorbox/tcolorbox.sty
Package: tcolorbox 2024/01/10 version 6.2.0 text color boxes
 (/nix/store/w8fdfdyc5l71qr9m42h2fpifzxp9p5mn-texlive-2023-env-texmfdist/tex/latex/tools/verbatim.sty
Package: verbatim 2023-11-06 v1.5v LaTeX2e package for verbatim enhancements
\every@verbatim=\toks40
\verbatim@line=\toks41
\verbatim@in@stream=\read3
) (/nix/store/w8fdfdyc5l71qr9m42h2fpifzxp9p5mn-texlive-2023-env-texmfdist/tex/latex/environ/environ.sty
Package: environ 2014/05/04 v0.3 A new way to define environments

(/nix/store/w8fdfdyc5l71qr9m42h2fpifzxp9p5mn-texlive-2023-env-texmfdist/tex/latex/trimspaces/trimspaces.sty
Package: trimspaces 2009/09/17 v1.1 Trim spaces around a token list
)
\@envbody=\toks42
)
\tcb@titlebox=\box67
\tcb@upperbox=\box68
\tcb@lowerbox=\box69
\tcb@phantombox=\box70
\c@tcbbreakpart=\count301
\c@tcblayer=\count302
\c@tcolorbox@number=\count303
\l__tcobox_tmpa_box=\box71
\l__tcobox_tmpa_dim=\dimen297
\tcb@temp=\box72
\tcb@temp=\box73
\tcb@temp=\box74
\tcb@temp=\box75
) (/nix/store/w8fdfdyc5l71qr9m42h2fpifzxp9p5mn-texlive-2023-env-texmfdist/tex/generic/ulem/ulem.sty
\UL@box=\box76
\UL@hyphenbox=\box77
\UL@skip=\skip50
\UL@hook=\toks43
\UL@height=\dimen298
\UL@pe=\count304
\UL@pixel=\dimen299
\ULC@box=\box78
Package: ulem 2019/11/18
\ULdepth=\dimen300
) (/nix/store/w8fdfdyc5l71qr9m42h2fpifzxp9p5mn-texlive-2023-env-texmfdist/tex/latex/tabularray/tabularray.sty (/nix/store/w8fdfdyc5l71qr9m42h2fpifzxp9p5mn-texlive-2023-env-texmfdist/tex/latex/l3kernel/expl3.sty
Package: expl3 2024-02-20 L3 programming layer (loader) 
 (/nix/store/w8fdfdyc5l71qr9m42h2fpifzxp9p5mn-texlive-2023-env-texmfdist/tex/latex/l3backend/l3backend-pdftex.def
File: l3backend-pdftex.def 2024-02-20 L3 backend support: PDF output (pdfTeX)
\l__color_backend_stack_int=\count305
\l__pdf_internal_box=\box79
))
Package: tabularray 2024-02-16 v2024A Typeset tabulars and arrays with LaTeX3
\l__tblr_a_int=\count306
\l__tblr_c_int=\count307
\l__tblr_r_int=\count308
\l__tblr_d_dim=\dimen301
\l__tblr_h_dim=\dimen302
\l__tblr_o_dim=\dimen303
\l__tblr_p_dim=\dimen304
\l__tblr_q_dim=\dimen305
\l__tblr_r_dim=\dimen306
\l__tblr_s_dim=\dimen307
\l__tblr_t_dim=\dimen308
\l__tblr_v_dim=\dimen309
\l__tblr_w_dim=\dimen310
\l__tblr_a_box=\box80
\l__tblr_b_box=\box81
\l__tblr_c_box=\box82
\l__tblr_d_box=\box83
\g__tblr_table_count_int=\count309
\c@rownum=\count310
\c@colnum=\count311
\c@rowcount=\count312
\c@colcount=\count313
\abovesep=\dimen311
\belowsep=\dimen312
\leftsep=\dimen313
\rightsep=\dimen314
\g_tblr_level_int=\count314
\g__tblr_data_row_key_count_int=\count315
\g__tblr_data_column_key_count_int=\count316
\g__tblr_data_cell_key_count_int=\count317
\g__tblr_array_int=\count318
\l__tblr_key_count_int=\count319
\l__tblr_key_quotient_int=\count320
\l__tblr_key_quotient_two_int=\count321
\l__tblr_key_remainder_int=\count322
\g__tblr_data_str_value_count_int=\count323
\rulewidth=\dimen315
\l__tblr_strut_dp_dim=\dimen316
\l__tblr_strut_ht_dim=\dimen317
\g__tblr_cell_wd_dim=\dimen318
\g__tblr_cell_ht_dim=\dimen319
\g__tblr_cell_head_dim=\dimen320
\g__tblr_cell_foot_dim=\dimen321
\l__column_target_dim=\dimen322
\l__tblr_caption_box=\box84
\l__tblr_caption_left_box=\box85
\l__tblr_row_head_box=\box86
\l__tblr_row_foot_box=\box87
\l__tblr_row_head_foot_dim=\dimen323
\tablewidth=\dimen324
\l__tblr_table_firsthead_box=\box88
\l__tblr_table_middlehead_box=\box89
\l__tblr_table_lasthead_box=\box90
\l__tblr_table_firstfoot_box=\box91
\l__tblr_table_middlefoot_box=\box92
\l__tblr_table_lastfoot_box=\box93
\l__tblr_remain_height_dim=\dimen325
\l__tblr_long_from_int=\count324
\l__tblr_long_to_int=\count325
\l__tblr_curr_i_int=\count326
\l__tblr_prev_i_int=\count327
\l__tblr_table_page_int=\count328
\l__tblr_table_head_box=\box94
\l__tblr_table_foot_box=\box95
\l__tblr_table_head_foot_dim=\dimen326
\l__tblr_table_head_body_foot_dim=\dimen327
\l__tblr_table_box=\box96
\l__tblr_table_hlines_box=\box97
\l__tblr_hline_box=\box98
\l__tblr_row_box=\box99
\l__tblr_col_o_wd_dim=\dimen328
\l__tblr_col_b_wd_dim=\dimen329
\l__tblr_hline_leftskip_dim=\dimen330
\l__tblr_hline_rightskip_dim=\dimen331
\l__tblr_row_ht_dim=\dimen332
\l__tblr_row_dp_dim=\dimen333
\l__tblr_row_abovesep_dim=\dimen334
\l__tblr_row_belowsep_dim=\dimen335
\l__tblr_row_vlines_box=\box100
\l__tblr_vline_box=\box101
\l__tblr_cell_box=\box102
\l__row_upper_dim=\dimen336
\l__row_lower_dim=\dimen337
\l__row_vpace_dim=\dimen338
\l__tblr_vline_aboveskip_dim=\dimen339
\l__tblr_vline_belowskip_dim=\dimen340
\l__tblr_cell_wd_dim=\dimen341
\l__tblr_cell_ht_dim=\dimen342
\l__tblr_diag_box=\box103
) (/nix/store/w8fdfdyc5l71qr9m42h2fpifzxp9p5mn-texlive-2023-env-texmfdist/tex/latex/booktabs/booktabs.sty
Package: booktabs 2020/01/12 v1.61803398 Publication quality tables
\heavyrulewidth=\dimen343
\lightrulewidth=\dimen344
\cmidrulewidth=\dimen345
\belowrulesep=\dimen346
\belowbottomsep=\dimen347
\aboverulesep=\dimen348
\abovetopsep=\dimen349
\cmidrulesep=\dimen350
\cmidrulekern=\dimen351
\defaultaddspace=\dimen352
\@cmidla=\count329
\@cmidlb=\count330
\@aboverulesep=\dimen353
\@belowrulesep=\dimen354
\@thisruleclass=\count331
\@lastruleclass=\count332
\@thisrulewidth=\dimen355
) (/nix/store/w8fdfdyc5l71qr9m42h2fpifzxp9p5mn-texlive-2023-env-texmfdist/tex/latex/xifthen/xifthen.sty
Package: xifthen 2015/11/05 v1.4.0 Extended ifthen features
 (/nix/store/w8fdfdyc5l71qr9m42h2fpifzxp9p5mn-texlive-2023-env-texmfdist/tex/latex/tools/calc.sty
Package: calc 2023/07/08 v4.3 Infix arithmetic (KKT,FJ)
\calc@Acount=\count333
\calc@Bcount=\count334
\calc@Adimen=\dimen356
\calc@Bdimen=\dimen357
\calc@Askip=\skip51
\calc@Bskip=\skip52
LaTeX Info: Redefining \setlength on input line 80.
LaTeX Info: Redefining \addtolength on input line 81.
\calc@Ccount=\count335
\calc@Cskip=\skip53
) (/nix/store/w8fdfdyc5l71qr9m42h2fpifzxp9p5mn-texlive-2023-env-texmfdist/tex/latex/ifmtarg/ifmtarg.sty
Package: ifmtarg 2018/04/16 v1.2b check for an empty argument
)) (/nix/store/w8fdfdyc5l71qr9m42h2fpifzxp9p5mn-texlive-2023-env-texmfdist/tex/latex/amsmath/amsmath.sty
Package: amsmath 2023/05/13 v2.17o AMS math features
\@mathmargin=\skip54

For additional information on amsmath, use the `?' option.
(/nix/store/w8fdfdyc5l71qr9m42h2fpifzxp9p5mn-texlive-2023-env-texmfdist/tex/latex/amsmath/amstext.sty
Package: amstext 2021/08/26 v2.01 AMS text
 (/nix/store/w8fdfdyc5l71qr9m42h2fpifzxp9p5mn-texlive-2023-env-texmfdist/tex/latex/amsmath/amsgen.sty
File: amsgen.sty 1999/11/30 v2.0 generic functions
\@emptytoks=\toks44
\ex@=\dimen358
)) (/nix/store/w8fdfdyc5l71qr9m42h2fpifzxp9p5mn-texlive-2023-env-texmfdist/tex/latex/amsmath/amsbsy.sty
Package: amsbsy 1999/11/29 v1.2d Bold Symbols
\pmbraise@=\dimen359
) (/nix/store/w8fdfdyc5l71qr9m42h2fpifzxp9p5mn-texlive-2023-env-texmfdist/tex/latex/amsmath/amsopn.sty
Package: amsopn 2022/04/08 v2.04 operator names
)
\inf@bad=\count336
LaTeX Info: Redefining \frac on input line 234.
\uproot@=\count337
\leftroot@=\count338
LaTeX Info: Redefining \overline on input line 399.
LaTeX Info: Redefining \colon on input line 410.
\classnum@=\count339
\DOTSCASE@=\count340
LaTeX Info: Redefining \ldots on input line 496.
LaTeX Info: Redefining \dots on input line 499.
LaTeX Info: Redefining \cdots on input line 620.
\Mathstrutbox@=\box104
\strutbox@=\box105
LaTeX Info: Redefining \big on input line 722.
LaTeX Info: Redefining \Big on input line 723.
LaTeX Info: Redefining \bigg on input line 724.
LaTeX Info: Redefining \Bigg on input line 725.
\big@size=\dimen360
LaTeX Font Info:    Redeclaring font encoding OML on input line 743.
LaTeX Font Info:    Redeclaring font encoding OMS on input line 744.
\macc@depth=\count341
LaTeX Info: Redefining \bmod on input line 905.
LaTeX Info: Redefining \pmod on input line 910.
LaTeX Info: Redefining \smash on input line 940.
LaTeX Info: Redefining \relbar on input line 970.
LaTeX Info: Redefining \Relbar on input line 971.
\c@MaxMatrixCols=\count342
\dotsspace@=\muskip16
\c@parentequation=\count343
\dspbrk@lvl=\count344
\tag@help=\toks45
\row@=\count345
\column@=\count346
\maxfields@=\count347
\andhelp@=\toks46
\eqnshift@=\dimen361
\alignsep@=\dimen362
\tagshift@=\dimen363
\tagwidth@=\dimen364
\totwidth@=\dimen365
\lineht@=\dimen366
\@envbody=\toks47
\multlinegap=\skip55
\multlinetaggap=\skip56
\mathdisplay@stack=\toks48
LaTeX Info: Redefining \[ on input line 2953.
LaTeX Info: Redefining \] on input line 2954.
) (/nix/store/w8fdfdyc5l71qr9m42h2fpifzxp9p5mn-texlive-2023-env-texmfdist/tex/latex/amsfonts/amssymb.sty
Package: amssymb 2013/01/14 v3.01 AMS font symbols
 (/nix/store/w8fdfdyc5l71qr9m42h2fpifzxp9p5mn-texlive-2023-env-texmfdist/tex/latex/amsfonts/amsfonts.sty
Package: amsfonts 2013/01/14 v3.01 Basic AMSFonts support
\symAMSa=\mathgroup4
\symAMSb=\mathgroup5
LaTeX Font Info:    Redeclaring math symbol \hbar on input line 98.
LaTeX Font Info:    Overwriting math alphabet `\mathfrak' in version `bold'
(Font)                  U/euf/m/n --> U/euf/b/n on input line 106.
)) (/nix/store/w8fdfdyc5l71qr9m42h2fpifzxp9p5mn-texlive-2023-env-texmfdist/tex/latex/base/fontenc.sty
Package: fontenc 2021/04/29 v2.0v Standard LaTeX package
) (/nix/store/w8fdfdyc5l71qr9m42h2fpifzxp9p5mn-texlive-2023-env-texmfdist/tex/latex/base/textcomp.sty
Package: textcomp 2020/02/02 v2.0n Standard LaTeX package
) (/nix/store/w8fdfdyc5l71qr9m42h2fpifzxp9p5mn-texlive-2023-env-texmfdist/tex/latex/gensymb/gensymb.sty
Package: gensymb 2022/10/17 v1.0.2 (KJH)
) (/nix/store/w8fdfdyc5l71qr9m42h2fpifzxp9p5mn-texlive-2023-env-texmfdist/tex/latex/standalone/standalone.sty
Package: standalone 2022/10/10 v1.3b Package to include TeX sub-files with preambles
 (/nix/store/w8fdfdyc5l71qr9m42h2fpifzxp9p5mn-texlive-2023-env-texmfdist/tex/latex/tools/shellesc.sty
Package: shellesc 2023/07/08 v1.0d unified shell escape interface for LaTeX
Package shellesc Info: Restricted shell escape enabled on input line 77.
) (/nix/store/w8fdfdyc5l71qr9m42h2fpifzxp9p5mn-texlive-2023-env-texmfdist/tex/generic/iftex/ifluatex.sty
Package: ifluatex 2019/10/25 v1.5 ifluatex legacy package. Use iftex instead.
 (/nix/store/w8fdfdyc5l71qr9m42h2fpifzxp9p5mn-texlive-2023-env-texmfdist/tex/generic/iftex/iftex.sty
Package: iftex 2022/02/03 v1.0f TeX engine tests
)) (/nix/store/w8fdfdyc5l71qr9m42h2fpifzxp9p5mn-texlive-2023-env-texmfdist/tex/latex/xkeyval/xkeyval.sty
Package: xkeyval 2022/06/16 v2.9 package option processing (HA)
 (/nix/store/w8fdfdyc5l71qr9m42h2fpifzxp9p5mn-texlive-2023-env-texmfdist/tex/generic/xkeyval/xkeyval.tex (/nix/store/w8fdfdyc5l71qr9m42h2fpifzxp9p5mn-texlive-2023-env-texmfdist/tex/generic/xkeyval/xkvutils.tex
\XKV@toks=\toks49
\XKV@tempa@toks=\toks50
)
\XKV@depth=\count348
File: xkeyval.tex 2014/12/03 v2.7a key=value parser (HA)
)) (/nix/store/w8fdfdyc5l71qr9m42h2fpifzxp9p5mn-texlive-2023-env-texmfdist/tex/latex/currfile/currfile.sty
Package: currfile 2022/10/10 v0.8 Provides the file path elements of the current input file
 (/nix/store/w8fdfdyc5l71qr9m42h2fpifzxp9p5mn-texlive-2023-env-texmfdist/tex/latex/filehook/filehook.sty
Package: filehook 2022/10/25 v0.8b Hooks for input files
 (/nix/store/w8fdfdyc5l71qr9m42h2fpifzxp9p5mn-texlive-2023-env-texmfdist/tex/latex/filehook/filehook-2020.sty
Package: filehook-2020 2022/10/25 v0.8b Hooks for input files
))
\c@currfiledepth=\count349
)
(/nix/store/w8fdfdyc5l71qr9m42h2fpifzxp9p5mn-texlive-2023-env-texmfdist/tex/latex/gincltex/gincltex.sty (/nix/store/w8fdfdyc5l71qr9m42h2fpifzxp9p5mn-texlive-2023-env-texmfdist/tex/latex/svn-prov/svn-prov.sty
Package: svn-prov 2010/04/24 v3.1862 Package Date/Version from SVN Keywords
)
Package: gincltex 2011/09/04 v0.3 Include external LaTeX files like graphics
 (/nix/store/w8fdfdyc5l71qr9m42h2fpifzxp9p5mn-texlive-2023-env-texmfdist/tex/latex/adjustbox/adjustbox.sty
Package: adjustbox 2022/10/17 v1.3a Adjusting TeX boxes (trim, clip, ...)
 (/nix/store/w8fdfdyc5l71qr9m42h2fpifzxp9p5mn-texlive-2023-env-texmfdist/tex/latex/adjustbox/adjcalc.sty
Package: adjcalc 2012/05/16 v1.1 Provides advanced setlength with multiple back-ends (calc, etex, pgfmath)
) (/nix/store/w8fdfdyc5l71qr9m42h2fpifzxp9p5mn-texlive-2023-env-texmfdist/tex/latex/adjustbox/trimclip.sty
Package: trimclip 2020/08/19 v1.2 Trim and clip general TeX material
 (/nix/store/w8fdfdyc5l71qr9m42h2fpifzxp9p5mn-texlive-2023-env-texmfdist/tex/latex/collectbox/collectbox.sty
Package: collectbox 2022/10/17 v0.4c Collect macro arguments as boxes
\collectedbox=\box106
)
\tc@llx=\dimen367
\tc@lly=\dimen368
\tc@urx=\dimen369
\tc@ury=\dimen370
Package trimclip Info: Using driver 'tc-pdftex.def'.
 (/nix/store/w8fdfdyc5l71qr9m42h2fpifzxp9p5mn-texlive-2023-env-texmfdist/tex/latex/adjustbox/tc-pdftex.def
File: tc-pdftex.def 2019/01/04 v2.2 Clipping driver for pdftex
))
\adjbox@Width=\dimen371
\adjbox@Height=\dimen372
\adjbox@Depth=\dimen373
\adjbox@Totalheight=\dimen374
\adjbox@pwidth=\dimen375
\adjbox@pheight=\dimen376
\adjbox@pdepth=\dimen377
\adjbox@ptotalheight=\dimen378
 (/nix/store/w8fdfdyc5l71qr9m42h2fpifzxp9p5mn-texlive-2023-env-texmfdist/tex/latex/ifoddpage/ifoddpage.sty
Package: ifoddpage 2022/10/18 v1.2 Conditionals for odd/even page detection
\c@checkoddpage=\count350
) (/nix/store/w8fdfdyc5l71qr9m42h2fpifzxp9p5mn-texlive-2023-env-texmfdist/tex/latex/varwidth/varwidth.sty
Package: varwidth 2009/03/30 ver 0.92;  Variable-width minipages
\@vwid@box=\box107
\sift@deathcycles=\count351
\@vwid@loff=\dimen379
\@vwid@roff=\dimen380
))
\gincltex@box=\box108
) (/nix/store/w8fdfdyc5l71qr9m42h2fpifzxp9p5mn-texlive-2023-env-texmfdist/tex/latex/filemod/filemod-expmin.sty
Package: filemod-expmin 2011/09/19 v1.2 Get and compare file modification times (expandable; minimal)
)) (/nix/store/w8fdfdyc5l71qr9m42h2fpifzxp9p5mn-texlive-2023-env-texmfdist/tex/latex/geometry/geometry.sty
Package: geometry 2020/01/02 v5.9 Page Geometry
 (/nix/store/w8fdfdyc5l71qr9m42h2fpifzxp9p5mn-texlive-2023-env-texmfdist/tex/generic/iftex/ifvtex.sty
Package: ifvtex 2019/10/25 v1.7 ifvtex legacy package. Use iftex instead.
)
\Gm@cnth=\count352
\Gm@cntv=\count353
\c@Gm@tempcnt=\count354
\Gm@bindingoffset=\dimen381
\Gm@wd@mp=\dimen382
\Gm@odd@mp=\dimen383
\Gm@even@mp=\dimen384
\Gm@layoutwidth=\dimen385
\Gm@layoutheight=\dimen386
\Gm@layouthoffset=\dimen387
\Gm@layoutvoffset=\dimen388
\Gm@dimlist=\toks51
) (/nix/store/w8fdfdyc5l71qr9m42h2fpifzxp9p5mn-texlive-2023-env-texmfdist/tex/latex/titlesec/titlesec.sty
Package: titlesec 2023/10/27 v2.16 Sectioning titles
\ttl@box=\box109
\beforetitleunit=\skip57
\aftertitleunit=\skip58
\ttl@plus=\dimen389
\ttl@minus=\dimen390
\ttl@toksa=\toks52
\titlewidth=\dimen391
\titlewidthlast=\dimen392
\titlewidthfirst=\dimen393
) (/nix/store/w8fdfdyc5l71qr9m42h2fpifzxp9p5mn-texlive-2023-env-texmfdist/tex/latex/ninecolors/ninecolors.sty
Package: ninecolors 2022-02-13 v2022D Select colors with proper color contrast
 (/nix/store/w8fdfdyc5l71qr9m42h2fpifzxp9p5mn-texlive-2023-env-texmfdist/tex/latex/l3packages/xparse/xparse.sty
Package: xparse 2024-02-18 L3 Experimental document command parser
)) (/nix/store/w8fdfdyc5l71qr9m42h2fpifzxp9p5mn-texlive-2023-env-texmfdist/tex/latex/hyperref/nameref.sty
Package: nameref 2023-11-26 v2.56 Cross-referencing by name of section
 (/nix/store/w8fdfdyc5l71qr9m42h2fpifzxp9p5mn-texlive-2023-env-texmfdist/tex/latex/refcount/refcount.sty
Package: refcount 2019/12/15 v3.6 Data extraction from label references (HO)
 (/nix/store/w8fdfdyc5l71qr9m42h2fpifzxp9p5mn-texlive-2023-env-texmfdist/tex/generic/infwarerr/infwarerr.sty
Package: infwarerr 2019/12/03 v1.5 Providing info/warning/error messages (HO)
))
(/nix/store/w8fdfdyc5l71qr9m42h2fpifzxp9p5mn-texlive-2023-env-texmfdist/tex/generic/gettitlestring/gettitlestring.sty
Package: gettitlestring 2019/12/15 v1.6 Cleanup title references (HO)
)
\c@section@level=\count355
)
\c@formula=\count356
\c@definition=\count357
\c@example=\count358
 (/nix/store/w8fdfdyc5l71qr9m42h2fpifzxp9p5mn-texlive-2023-env-texmfdist/tex/latex/hyperref/hyperref.sty
Package: hyperref 2024-01-20 v7.01h Hypertext links for LaTeX
 (/nix/store/w8fdfdyc5l71qr9m42h2fpifzxp9p5mn-texlive-2023-env-texmfdist/tex/generic/kvdefinekeys/kvdefinekeys.sty
Package: kvdefinekeys 2019-12-19 v1.6 Define keys (HO)
) (/nix/store/w8fdfdyc5l71qr9m42h2fpifzxp9p5mn-texlive-2023-env-texmfdist/tex/generic/pdfescape/pdfescape.sty
Package: pdfescape 2019/12/09 v1.15 Implements pdfTeX's escape features (HO)
 (/nix/store/w8fdfdyc5l71qr9m42h2fpifzxp9p5mn-texlive-2023-env-texmfdist/tex/generic/pdftexcmds/pdftexcmds.sty
Package: pdftexcmds 2020-06-27 v0.33 Utility functions of pdfTeX for LuaTeX (HO)
Package pdftexcmds Info: \pdf@primitive is available.
Package pdftexcmds Info: \pdf@ifprimitive is available.
Package pdftexcmds Info: \pdfdraftmode found.
)) (/nix/store/w8fdfdyc5l71qr9m42h2fpifzxp9p5mn-texlive-2023-env-texmfdist/tex/latex/hycolor/hycolor.sty
Package: hycolor 2020-01-27 v1.10 Color options for hyperref/bookmark (HO)
) (/nix/store/w8fdfdyc5l71qr9m42h2fpifzxp9p5mn-texlive-2023-env-texmfdist/tex/latex/auxhook/auxhook.sty
Package: auxhook 2019-12-17 v1.6 Hooks for auxiliary files (HO)
)
\@linkdim=\dimen394
\Hy@linkcounter=\count359
\Hy@pagecounter=\count360
 (/nix/store/w8fdfdyc5l71qr9m42h2fpifzxp9p5mn-texlive-2023-env-texmfdist/tex/latex/hyperref/pd1enc.def
File: pd1enc.def 2024-01-20 v7.01h Hyperref: PDFDocEncoding definition (HO)
Now handling font encoding PD1 ...
... no UTF-8 mapping file for font encoding PD1
) (/nix/store/w8fdfdyc5l71qr9m42h2fpifzxp9p5mn-texlive-2023-env-texmfdist/tex/generic/intcalc/intcalc.sty
Package: intcalc 2019/12/15 v1.3 Expandable calculations with integers (HO)
)
\Hy@SavedSpaceFactor=\count361
 (/nix/store/w8fdfdyc5l71qr9m42h2fpifzxp9p5mn-texlive-2023-env-texmfdist/tex/latex/hyperref/puenc.def
File: puenc.def 2024-01-20 v7.01h Hyperref: PDF Unicode definition (HO)
Now handling font encoding PU ...
... no UTF-8 mapping file for font encoding PU
)
Package hyperref Info: Hyper figures OFF on input line 4179.
Package hyperref Info: Link nesting OFF on input line 4184.
Package hyperref Info: Hyper index ON on input line 4187.
Package hyperref Info: Plain pages OFF on input line 4194.
Package hyperref Info: Backreferencing OFF on input line 4199.
Package hyperref Info: Implicit mode ON; LaTeX internals redefined.
Package hyperref Info: Bookmarks ON on input line 4446.
\c@Hy@tempcnt=\count362
 (/nix/store/w8fdfdyc5l71qr9m42h2fpifzxp9p5mn-texlive-2023-env-texmfdist/tex/latex/url/url.sty
\Urlmuskip=\muskip17
Package: url 2013/09/16  ver 3.4  Verb mode for urls, etc.
)
LaTeX Info: Redefining \url on input line 4784.
\XeTeXLinkMargin=\dimen395
 (/nix/store/w8fdfdyc5l71qr9m42h2fpifzxp9p5mn-texlive-2023-env-texmfdist/tex/generic/bitset/bitset.sty
Package: bitset 2019/12/09 v1.3 Handle bit-vector datatype (HO)
 (/nix/store/w8fdfdyc5l71qr9m42h2fpifzxp9p5mn-texlive-2023-env-texmfdist/tex/generic/bigintcalc/bigintcalc.sty
Package: bigintcalc 2019/12/15 v1.5 Expandable calculations on big integers (HO)
))
\Fld@menulength=\count363
\Field@Width=\dimen396
\Fld@charsize=\dimen397
Package hyperref Info: Hyper figures OFF on input line 6063.
Package hyperref Info: Link nesting OFF on input line 6068.
Package hyperref Info: Hyper index ON on input line 6071.
Package hyperref Info: backreferencing OFF on input line 6078.
Package hyperref Info: Link coloring OFF on input line 6083.
Package hyperref Info: Link coloring with OCG OFF on input line 6088.
Package hyperref Info: PDF/A mode OFF on input line 6093.
 (/nix/store/w8fdfdyc5l71qr9m42h2fpifzxp9p5mn-texlive-2023-env-texmfdist/tex/latex/base/atbegshi-ltx.sty
Package: atbegshi-ltx 2021/01/10 v1.0c Emulation of the original atbegshi
package with kernel methods
)
\Hy@abspage=\count364
\c@Item=\count365
\c@Hfootnote=\count366
)
Package hyperref Info: Driver (autodetected): hpdftex.
 (/nix/store/w8fdfdyc5l71qr9m42h2fpifzxp9p5mn-texlive-2023-env-texmfdist/tex/latex/hyperref/hpdftex.def
File: hpdftex.def 2024-01-20 v7.01h Hyperref driver for pdfTeX
 (/nix/store/w8fdfdyc5l71qr9m42h2fpifzxp9p5mn-texlive-2023-env-texmfdist/tex/latex/base/atveryend-ltx.sty
Package: atveryend-ltx 2020/08/19 v1.0a Emulation of the original atveryend package
with kernel methods
)
\Fld@listcount=\count367
\c@bookmark@seq@number=\count368
 (/nix/store/w8fdfdyc5l71qr9m42h2fpifzxp9p5mn-texlive-2023-env-texmfdist/tex/latex/rerunfilecheck/rerunfilecheck.sty
Package: rerunfilecheck 2022-07-10 v1.10 Rerun checks for auxiliary files (HO)
 (/nix/store/w8fdfdyc5l71qr9m42h2fpifzxp9p5mn-texlive-2023-env-texmfdist/tex/generic/uniquecounter/uniquecounter.sty
Package: uniquecounter 2019/12/15 v1.4 Provide unlimited unique counter (HO)
)
Package uniquecounter Info: New unique counter `rerunfilecheck' on input line 285.
)
\Hy@SectionHShift=\skip59
)
Package hyperref Info: Option `colorlinks' set `true' on input line 204.
) (./main.aux)
\openout1 = `main.aux'.

LaTeX Font Info:    Checking defaults for OML/cmm/m/it on input line 9.
LaTeX Font Info:    ... okay on input line 9.
LaTeX Font Info:    Checking defaults for OMS/cmsy/m/n on input line 9.
LaTeX Font Info:    ... okay on input line 9.
LaTeX Font Info:    Checking defaults for OT1/cmr/m/n on input line 9.
LaTeX Font Info:    ... okay on input line 9.
LaTeX Font Info:    Checking defaults for T1/cmr/m/n on input line 9.
LaTeX Font Info:    ... okay on input line 9.
LaTeX Font Info:    Checking defaults for TS1/cmr/m/n on input line 9.
LaTeX Font Info:    ... okay on input line 9.
LaTeX Font Info:    Checking defaults for OMX/cmex/m/n on input line 9.
LaTeX Font Info:    ... okay on input line 9.
LaTeX Font Info:    Checking defaults for U/cmr/m/n on input line 9.
LaTeX Font Info:    ... okay on input line 9.
LaTeX Font Info:    Checking defaults for PD1/pdf/m/n on input line 9.
LaTeX Font Info:    ... okay on input line 9.
LaTeX Font Info:    Checking defaults for PU/pdf/m/n on input line 9.
LaTeX Font Info:    ... okay on input line 9.

(/nix/store/w8fdfdyc5l71qr9m42h2fpifzxp9p5mn-texlive-2023-env-texmfdist/tex/context/base/mkii/supp-pdf.mkii
[Loading MPS to PDF converter (version 2006.09.02).]
\scratchcounter=\count369
\scratchdimen=\dimen398
\scratchbox=\box110
\nofMPsegments=\count370
\nofMParguments=\count371
\everyMPshowfont=\toks53
\MPscratchCnt=\count372
\MPscratchDim=\dimen399
\MPnumerator=\count373
\makeMPintoPDFobject=\count374
\everyMPtoPDFconversion=\toks54
) (/nix/store/w8fdfdyc5l71qr9m42h2fpifzxp9p5mn-texlive-2023-env-texmfdist/tex/latex/epstopdf-pkg/epstopdf-base.sty
Package: epstopdf-base 2020-01-24 v2.11 Base part for package epstopdf
Package epstopdf-base Info: Redefining graphics rule for `.eps' on input line 485.
 (/nix/store/w8fdfdyc5l71qr9m42h2fpifzxp9p5mn-texlive-2023-env-texmfdist/tex/latex/latexconfig/epstopdf-sys.cfg
File: epstopdf-sys.cfg 2010/07/13 v1.3 Configuration of (r)epstopdf for TeX Live
))
Package pgfplots notification 'compat/show suggested version=true': document has been generated with the most recent feature set (\pgfplotsset{compat=1.18}).

Package caption Info: Begin \AtBeginDocument code.
Package caption Info: float package is loaded.
Package caption Info: hyperref package is loaded.
Package caption Info: wrapfig package is loaded.
Package caption Info: End \AtBeginDocument code.
\symgns@font=\mathgroup6
LaTeX Font Info:    Overwriting symbol font `gns@font' in version `bold'
(Font)                  TS1/cmr/m/n --> TS1/cmr/b/n on input line 9.
Package gensymb Info: Math companion symbols declared on input line 9.
LaTeX Info: Redefining \degree on input line 9.
LaTeX Info: Redefining \celsius on input line 9.
Package gensymb Info: Using text companion symbols for \degree, \celsius and \perthousand on input line 9.
LaTeX Info: Redefining \ohm on input line 9.
Package gensymb Info: Using \textohm for \ohm on input line 9.
Package gensymb Info: Using \textmu for \micro on input line 9.
*geometry* driver: auto-detecting
*geometry* detected driver: pdftex
*geometry* verbose mode - [ preamble ] result:
* driver: pdftex
* paper: letterpaper
* layout: <same size as paper>
* layoutoffset:(h,v)=(0.0pt,0.0pt)
* modes: 
* h-part:(L,W,R)=(45.0pt, 524.295pt, 45.0pt)
* v-part:(T,H,B)=(45.0pt, 704.96999pt, 45.0pt)
* \paperwidth=614.295pt
* \paperheight=794.96999pt
* \textwidth=524.295pt
* \textheight=704.96999pt
* \oddsidemargin=-27.26999pt
* \evensidemargin=-27.26999pt
* \topmargin=-64.26999pt
* \headheight=12.0pt
* \headsep=25.0pt
* \topskip=12.0pt
* \footskip=30.0pt
* \marginparwidth=44.0pt
* \marginparsep=10.0pt
* \columnsep=10.0pt
* \skip\footins=10.8pt plus 4.0pt minus 2.0pt
* \hoffset=0.0pt
* \voffset=0.0pt
* \mag=1000
* \@twocolumnfalse
* \@twosidefalse
* \@mparswitchfalse
* \@reversemarginfalse
* (1in=72.27pt=25.4mm, 1cm=28.453pt)

Package hyperref Info: Link coloring ON on input line 9.
(./main.out) (./main.out)
\@outlinefile=\write4
\openout4 = `main.out'.

LaTeX Font Info:    Trying to load font information for U+msa on input line 12.
 (/nix/store/w8fdfdyc5l71qr9m42h2fpifzxp9p5mn-texlive-2023-env-texmfdist/tex/latex/amsfonts/umsa.fd
File: umsa.fd 2013/01/14 v3.01 AMS symbols A
)
LaTeX Font Info:    Trying to load font information for U+msb on input line 12.
 (/nix/store/w8fdfdyc5l71qr9m42h2fpifzxp9p5mn-texlive-2023-env-texmfdist/tex/latex/amsfonts/umsb.fd
File: umsb.fd 2013/01/14 v3.01 AMS symbols B
) (./main.toc)
\tf@toc=\write5
\openout5 = `main.toc'.

 [1

{/nix/store/nrl7r9d478gqb6vqs924s95m1b5jazsb-texlive-2023-env/share/texmf-var/fonts/map/pdftex/updmap/pdftex.map}{/nix/store/w8fdfdyc5l71qr9m42h2fpifzxp9p5mn-texlive-2023-env-texmfdist/fonts/enc/dvips/cm-super/cm-super-t1.enc}] (./lec_001.tex [2] [3] [4]) (./lec_002.tex [5] (./figures/fig_001.tex
Package pgfplots info on input line 18: Overriding colorspace to rgb due to xcolor configuration.

Missing character: There is no . in font nullfont!
Missing character: There is no 0 in font nullfont!
Missing character: There is no 1 in font nullfont!
Missing character: There is no p in font nullfont!
Missing character: There is no t in font nullfont!
Missing character: There is no . in font nullfont!
Missing character: There is no 0 in font nullfont!
Missing character: There is no 1 in font nullfont!
Missing character: There is no p in font nullfont!
Missing character: There is no t in font nullfont!
Missing character: There is no . in font nullfont!
Missing character: There is no 0 in font nullfont!
Missing character: There is no 1 in font nullfont!
Missing character: There is no p in font nullfont!
Missing character: There is no t in font nullfont!
)
File: figures/fig_001.tex Graphic file (type tex)
 [6] [7] [8] [9] [10] [11] [12]
Underfull \hbox (badness 10000) in paragraph at lines 337--339

 []

[13]) [14] (./main.aux)
 ***********
LaTeX2e <2023-11-01> patch level 1
L3 programming layer <2024-02-20>
 ***********
Package rerunfilecheck Info: File `main.out' has not changed.
(rerunfilecheck)             Checksum: 879CF24E44F1145FFBF3A26043E7C80F;2847.
 ) 
Here is how much of TeX's memory you used:
 57237 strings out of 474116
 1469361 string characters out of 5720541
 2161004 words of memory out of 5000000
 78825 multiletter control sequences out of 15000+600000
 577600 words of font info for 86 fonts, out of 8000000 for 9000
 1141 hyphenation exceptions out of 8191
 107i,20n,110p,1193b,2308s stack positions out of 10000i,1000n,20000p,200000b,200000s
</nix/store/w8fdfdyc5l71qr9m42h2fpifzxp9p5mn-texlive-2023-env-texmfdist/fonts/type1/public/amsfonts/cm/cmex10.pfb></nix/store/w8fdfdyc5l71qr9m42h2fpifzxp9p5mn-texlive-2023-env-texmfdist/fonts/type1/public/amsfonts/cmextra/cmex8.pfb></nix/store/w8fdfdyc5l71qr9m42h2fpifzxp9p5mn-texlive-2023-env-texmfdist/fonts/type1/public/amsfonts/cm/cmmi12.pfb></nix/store/w8fdfdyc5l71qr9m42h2fpifzxp9p5mn-texlive-2023-env-texmfdist/fonts/type1/public/amsfonts/cm/cmmi6.pfb></nix/store/w8fdfdyc5l71qr9m42h2fpifzxp9p5mn-texlive-2023-env-texmfdist/fonts/type1/public/amsfonts/cm/cmmi8.pfb></nix/store/w8fdfdyc5l71qr9m42h2fpifzxp9p5mn-texlive-2023-env-texmfdist/fonts/type1/public/amsfonts/cm/cmr12.pfb></nix/store/w8fdfdyc5l71qr9m42h2fpifzxp9p5mn-texlive-2023-env-texmfdist/fonts/type1/public/amsfonts/cm/cmr6.pfb></nix/store/w8fdfdyc5l71qr9m42h2fpifzxp9p5mn-texlive-2023-env-texmfdist/fonts/type1/public/amsfonts/cm/cmr8.pfb></nix/store/w8fdfdyc5l71qr9m42h2fpifzxp9p5mn-texlive-2023-env-texmfdist/fonts/type1/public/amsfonts/cm/cmsy10.pfb></nix/store/w8fdfdyc5l71qr9m42h2fpifzxp9p5mn-texlive-2023-env-texmfdist/fonts/type1/public/amsfonts/cm/cmsy8.pfb></nix/store/w8fdfdyc5l71qr9m42h2fpifzxp9p5mn-texlive-2023-env-texmfdist/fonts/type1/public/cm-super/sfbx1200.pfb></nix/store/w8fdfdyc5l71qr9m42h2fpifzxp9p5mn-texlive-2023-env-texmfdist/fonts/type1/public/cm-super/sfrm1000.pfb></nix/store/w8fdfdyc5l71qr9m42h2fpifzxp9p5mn-texlive-2023-env-texmfdist/fonts/type1/public/cm-super/sfrm1200.pfb></nix/store/w8fdfdyc5l71qr9m42h2fpifzxp9p5mn-texlive-2023-env-texmfdist/fonts/type1/public/cm-super/sfrm1440.pfb></nix/store/w8fdfdyc5l71qr9m42h2fpifzxp9p5mn-texlive-2023-env-texmfdist/fonts/type1/public/cm-super/sfrm2074.pfb></nix/store/w8fdfdyc5l71qr9m42h2fpifzxp9p5mn-texlive-2023-env-texmfdist/fonts/type1/public/cm-super/sfti1200.pfb></nix/store/w8fdfdyc5l71qr9m42h2fpifzxp9p5mn-texlive-2023-env-texmfdist/fonts/type1/public/cm-super/sfxc1200.pfb></nix/store/w8fdfdyc5l71qr9m42h2fpifzxp9p5mn-texlive-2023-env-texmfdist
/fonts/type1/public/cm-super/sfxc1440.pfb></nix/store/w8fdfdyc5l71qr9m42h2fpifzxp9p5mn-texlive-2023-env-texmfdist/fonts/type1/public/cm-super/sfxc1728.pfb>
Output written on main.pdf (14 pages, 285096 bytes).
PDF statistics:
 308 PDF objects out of 1000 (max. 8388607)
 251 compressed objects within 3 object streams
 51 named destinations out of 1000 (max. 500000)
 133 words of extra memory for PDF output out of 10000 (max. 10000000)

