\BOOKMARK [1][-]{section.1}{\376\377\000T\000y\000p\000e\000s\000\040\000o\000f\000\040\000S\000t\000r\000e\000s\000s}{}% 1
\BOOKMARK [2][-]{subsection.1.1}{\376\377\000A\000x\000i\000a\000l\000\040\000S\000t\000r\000e\000s\000s}{section.1}% 2
\BOOKMARK [3][-]{subsubsection.1.1.1}{\376\377\000O\000v\000e\000r\000v\000i\000e\000w}{subsection.1.1}% 3
\BOOKMARK [3][-]{subsubsection.1.1.2}{\376\377\000A\000n\000a\000l\000y\000z\000i\000n\000g\000\040\000A\000x\000i\000a\000l\000\040\000S\000t\000r\000e\000s\000s}{subsection.1.1}% 4
\BOOKMARK [3][-]{subsubsection.1.1.3}{\376\377\000S\000t\000r\000e\000s\000s\000\040\000P\000o\000i\000n\000t\000s}{subsection.1.1}% 5
\BOOKMARK [2][-]{subsection.1.2}{\376\377\000S\000h\000e\000a\000r\000i\000n\000g\000\040\000S\000t\000r\000e\000s\000s}{section.1}% 6
\BOOKMARK [3][-]{subsubsection.1.2.1}{\376\377\000O\000v\000e\000r\000v\000i\000e\000w}{subsection.1.2}% 7
\BOOKMARK [3][-]{subsubsection.1.2.2}{\376\377\000S\000i\000n\000g\000l\000e\000\040\000a\000n\000d\000\040\000D\000o\000u\000b\000l\000e\000\040\000S\000h\000e\000a\000r}{subsection.1.2}% 8
\BOOKMARK [3][-]{subsubsection.1.2.3}{\376\377\000B\000e\000a\000r\000i\000n\000g\000\040\000S\000t\000r\000e\000s\000s}{subsection.1.2}% 9
\BOOKMARK [2][-]{subsection.1.3}{\376\377\000S\000t\000r\000e\000s\000s\000\040\000o\000n\000\040\000a\000n\000\040\000O\000b\000l\000i\000q\000u\000e\000\040\000P\000l\000a\000n\000e}{section.1}% 10
\BOOKMARK [1][-]{section.2}{\376\377\000D\000e\000s\000i\000g\000n\000\040\000C\000o\000n\000s\000i\000d\000e\000r\000a\000t\000i\000o\000n\000s}{}% 11
\BOOKMARK [2][-]{subsection.2.1}{\376\377\000D\000e\000t\000e\000r\000m\000i\000n\000i\000n\000g\000\040\000t\000h\000e\000\040\000S\000t\000r\000e\000n\000g\000t\000h\000\040\000o\000f\000\040\000M\000a\000t\000e\000r\000i\000a\000l\000s}{section.2}% 12
\BOOKMARK [2][-]{subsection.2.2}{\376\377\000F\000a\000c\000t\000o\000r\000\040\000o\000f\000\040\000S\000a\000f\000e\000t\000y}{section.2}% 13
\BOOKMARK [1][-]{section.3}{\376\377\000D\000e\000f\000o\000r\000m\000a\000t\000i\000o\000n}{}% 14
\BOOKMARK [2][-]{subsection.3.1}{\376\377\000N\000o\000r\000m\000a\000l\000\040\000S\000t\000r\000a\000i\000n}{section.3}% 15
\BOOKMARK [2][-]{subsection.3.2}{\376\377\000S\000t\000r\000e\000s\000s\000\040\000S\000t\000r\000a\000i\000n\000\040\000D\000i\000a\000g\000r\000a\000m\000s}{section.3}% 16
\BOOKMARK [2][-]{subsection.3.3}{\376\377\000T\000r\000u\000e\000\040\000v\000s\000.\000\040\000E\000n\000g\000i\000n\000e\000e\000r\000i\000n\000g\000\040\000S\000t\000r\000e\000s\000s\000\040\000a\000n\000d\000\040\000S\000t\000r\000a\000i\000n}{section.3}% 17
\BOOKMARK [2][-]{subsection.3.4}{\376\377\000H\000o\000o\000k\000e\000'\000s\000\040\000L\000a\000w\000\040\000a\000n\000d\000\040\000t\000h\000e\000\040\000M\000o\000d\000u\000l\000u\000s\000\040\000o\000f\000\040\000E\000l\000a\000s\000t\000i\000c\000i\000t\000y}{section.3}% 18
\BOOKMARK [2][-]{subsection.3.5}{\376\377\000R\000e\000p\000e\000a\000t\000e\000d\000\040\000L\000o\000a\000d\000i\000n\000g\000s\000\040\000a\000n\000d\000\040\000F\000a\000t\000i\000g\000u\000e}{section.3}% 19
\BOOKMARK [2][-]{subsection.3.6}{\376\377\000S\000t\000a\000t\000i\000c\000\040\000I\000n\000d\000e\000t\000e\000r\000m\000i\000n\000a\000c\000y}{section.3}% 20
\BOOKMARK [2][-]{subsection.3.7}{\376\377\000P\000o\000i\000s\000s\000o\000n\000'\000s\000\040\000R\000a\000t\000i\000o}{section.3}% 21
\BOOKMARK [2][-]{subsection.3.8}{\376\377\000S\000t\000r\000e\000s\000s\000\040\000C\000o\000n\000c\000e\000n\000t\000r\000a\000t\000i\000o\000n\000s}{section.3}% 22
\BOOKMARK [3][-]{subsubsection.3.8.1}{\376\377\000M\000a\000x\000\040\000S\000t\000r\000e\000s\000s\000\040\000f\000o\000r\000\040\000a\000\040\000H\000o\000l\000e\000\040\000D\000i\000s\000c\000o\000n\000t\000i\000n\000u\000i\000t\000y}{subsection.3.8}% 23
\BOOKMARK [3][-]{subsubsection.3.8.2}{\376\377\000M\000a\000x\000\040\000S\000t\000r\000e\000s\000s\000\040\000f\000o\000r\000\040\000a\000\040\000F\000i\000l\000l\000e\000t}{subsection.3.8}% 24
\BOOKMARK [2][-]{subsection.3.9}{\376\377\000T\000h\000e\000r\000m\000a\000l\000\040\000S\000t\000r\000a\000i\000n}{section.3}% 25
\BOOKMARK [1][-]{section.4}{\376\377\000T\000o\000r\000s\000i\000o\000n}{}% 26
\BOOKMARK [2][-]{subsection.4.1}{\376\377\000I\000n\000t\000r\000o\000d\000u\000c\000i\000n\000g\000\040\000N\000e\000w\000\040\000V\000a\000l\000u\000e\000s}{section.4}% 27
\BOOKMARK [2][-]{subsection.4.2}{\376\377\000O\000v\000e\000r\000v\000i\000e\000w\000\040\000o\000f\000\040\000T\000o\000r\000s\000i\000o\000n}{section.4}% 28
\BOOKMARK [3][-]{subsubsection.4.2.1}{\376\377\000T\000o\000r\000s\000i\000o\000n}{subsection.4.2}% 29
\BOOKMARK [3][-]{subsubsection.4.2.2}{\376\377\000A\000n\000g\000l\000e\000\040\000o\000f\000\040\000T\000w\000i\000s\000t}{subsection.4.2}% 30
\BOOKMARK [3][-]{subsubsection.4.2.3}{\376\377\000P\000o\000l\000a\000r\000\040\000M\000o\000m\000e\000n\000t\000\040\000o\000f\000\040\000I\000n\000e\000r\000t\000i\000a}{subsection.4.2}% 31
\BOOKMARK [3][-]{subsubsection.4.2.4}{\376\377\000S\000h\000e\000a\000r\000\040\000S\000t\000r\000a\000i\000n}{subsection.4.2}% 32
\BOOKMARK [3][-]{subsubsection.4.2.5}{\376\377\000S\000h\000e\000a\000r\000\040\000S\000t\000r\000e\000s\000s}{subsection.4.2}% 33
\BOOKMARK [2][-]{subsection.4.3}{\376\377\000M\000u\000l\000t\000i\000p\000l\000e\000\040\000T\000o\000r\000s\000i\000o\000n\000s}{section.4}% 34
\BOOKMARK [2][-]{subsection.4.4}{\376\377\000B\000r\000i\000t\000t\000l\000e\000\040\000v\000s\000.\000\040\000D\000u\000c\000t\000i\000l\000e}{section.4}% 35
\BOOKMARK [2][-]{subsection.4.5}{\376\377\000T\000o\000r\000s\000i\000o\000n\000a\000l\000\040\000S\000t\000i\000f\000f\000n\000e\000s\000s}{section.4}% 36
\BOOKMARK [2][-]{subsection.4.6}{\376\377\000S\000t\000a\000t\000i\000c\000a\000l\000l\000y\000\040\000I\000n\000d\000e\000t\000e\000r\000m\000i\000n\000a\000t\000e\000\040\000T\000o\000r\000s\000i\000o\000n}{section.4}% 37
\BOOKMARK [2][-]{subsection.4.7}{\376\377\000P\000o\000w\000e\000r\000\040\000a\000n\000d\000\040\000R\000o\000t\000a\000t\000i\000o\000n\000\040\000S\000p\000e\000e\000d}{section.4}% 38
\BOOKMARK [2][-]{subsection.4.8}{\376\377\000S\000t\000r\000e\000s\000s\000\040\000C\000o\000n\000c\000e\000n\000t\000r\000a\000t\000i\000o\000n\000s\000\040\000i\000n\000\040\000C\000i\000r\000c\000u\000l\000a\000r\000\040\000S\000h\000a\000f\000t\000s}{section.4}% 39
\BOOKMARK [1][-]{section.5}{\376\377\000B\000e\000n\000d\000i\000n\000g}{}% 40
\BOOKMARK [2][-]{subsection.5.1}{\376\377\000P\000u\000r\000e\000\040\000B\000e\000n\000d\000i\000n\000g}{section.5}% 41
\BOOKMARK [3][-]{subsubsection.5.1.1}{\376\377\000B\000e\000n\000d\000i\000n\000g\000\040\000S\000t\000r\000a\000i\000n}{subsection.5.1}% 42
\BOOKMARK [2][-]{subsection.5.2}{\376\377\000B\000e\000n\000d\000i\000n\000g\000\040\000S\000t\000r\000e\000s\000s}{section.5}% 43
\BOOKMARK [2][-]{subsection.5.3}{\376\377\000F\000l\000e\000x\000u\000r\000e\000\040\000F\000o\000r\000m\000u\000l\000a}{section.5}% 44
\BOOKMARK [2][-]{subsection.5.4}{\376\377\000M\000o\000m\000e\000n\000t\000\040\000o\000f\000\040\000I\000n\000e\000r\000t\000i\000a}{section.5}% 45
\BOOKMARK [2][-]{subsection.5.5}{\376\377\000I\000m\000p\000u\000r\000e\000\040\000B\000e\000n\000d\000i\000n\000g}{section.5}% 46
\BOOKMARK [2][-]{subsection.5.6}{\376\377\000S\000t\000r\000e\000s\000s\000\040\000C\000o\000n\000c\000e\000n\000t\000r\000a\000t\000i\000o\000n\000s}{section.5}% 47
\BOOKMARK [2][-]{subsection.5.7}{\376\377\000E\000c\000c\000e\000n\000t\000r\000i\000c\000\040\000B\000e\000n\000d\000i\000n\000g}{section.5}% 48
\BOOKMARK [3][-]{subsubsection.5.7.1}{\376\377\000S\000y\000m\000m\000e\000t\000r\000i\000c\000\040\000E\000c\000c\000e\000n\000t\000r\000i\000c\000\040\000B\000e\000n\000d\000i\000n\000g}{subsection.5.7}% 49
\BOOKMARK [3][-]{subsubsection.5.7.2}{\376\377\000G\000e\000n\000e\000r\000a\000l\000\040\000E\000c\000c\000e\000n\000t\000r\000i\000c\000\040\000B\000e\000n\000d\000i\000n\000g}{subsection.5.7}% 50
\BOOKMARK [2][-]{subsection.5.8}{\376\377\000P\000r\000i\000s\000m\000a\000t\000i\000c\000\040\000B\000e\000a\000m\000s}{section.5}% 51
